[rre-project.site/dermify/index.html]
[backblue.gif]
[fade.gif]
[index.html]
[rre-project.site/dermify/wp-json/oembed/1.0/embedb2b4.json]
[rre-project.site/dermify/feed/index.html]
[rre-project.site/dermify/comments/feed/index.html]
[rre-project.site/dermify/wp-json/oembed/1.0/embed2b94]
[rre-project.site/dermify/wp-content/plugins/elementor/assets/lib/font-awesome/js/v4-shims.minbfce.js]
[rre-project.site/dermify/wp-includes/js/jquery/jquery.minf43b.js]
[rre-project.site/dermify/wp-includes/js/jquery/jquery-migrate.min5589.js]
[rre-project.site/dermify/wp-content/plugins/template-kit-export/assets/public/template-kit-export-public982a.js]
[rre-project.site/dermify/wp-content/plugins/gum-elementor-addon/js/allscripts5152.js]
[rre-project.site/dermify/wp-content/plugins/gum-elementor-addon/js/owl.carousel.min77e6.js]
[rre-project.site/dermify/wp-content/plugins/gum-elementor-addon/js/price-table5152.js]
[rre-project.site/dermify/wp-json/wp/v2/pages/130.json]
[rre-project.site/dermify/wp-json/index.html]
[rre-project.site/dermify/xmlrpc0db0.php]
[rre-project.site/dermify/wp-content/uploads/sites/20/2026/03/logo-22-1024x238.png]
[rre-project.site/dermify/wp-content/uploads/sites/20/2026/03/logo-22.png]
[rre-project.site/dermify/wp-content/uploads/sites/20/2026/03/collage-of-happy-multiracial-people-faces-on-gray2-UBNG9AE.jpg]
[rre-project.site/dermify/wp-content/uploads/sites/20/2026/03/collage-of-happy-multiracial-people-faces-on-gray6-UBNG9AE.jpg]
[rre-project.site/dermify/wp-content/uploads/sites/20/2026/03/collage-of-happy-multiracial-people-faces-on-gray9-UBNG9AE.jpg]
[rre-project.site/dermify/wp-content/uploads/sites/20/2026/03/collage-of-happy-multiracial-people-faces-on-gray8-UBNG9AE.jpg]
[rre-project.site/dermify/wp-content/uploads/sites/20/2026/03/client1d.png]
[rre-project.site/dermify/about/index.html]
[rre-project.site/dermify/wp-content/uploads/sites/20/2026/03/client12d.png]
[rre-project.site/dermify/wp-content/uploads/sites/20/2026/03/client10d.png]
[rre-project.site/dermify/wp-content/uploads/sites/20/2026/03/client9d.png]
[rre-project.site/dermify/wp-content/uploads/sites/20/2026/03/client8d.png]
[rre-project.site/dermify/services/index.html]
[rre-project.site/dermify/wp-content/uploads/sites/20/2026/03/client7d.png]
[rre-project.site/dermify/wp-content/uploads/sites/20/2026/03/client6d.png]
[rre-project.site/dermify/wp-content/uploads/sites/20/2026/03/client5d.png]
[rre-project.site/dermify/wp-content/uploads/sites/20/2026/03/client4d.png]
[rre-project.site/dermify/service-details/index.html]
[rre-project.site/dermify/wp-content/uploads/sites/20/2026/03/client3d.png]
[rre-project.site/dermify/wp-content/uploads/sites/20/2026/03/client2d.png]
[rre-project.site/dermify/wp-content/uploads/sites/20/2026/03/iconn1.png]
[rre-project.site/dermify/wp-content/uploads/sites/20/2026/03/iconn2.png]
[rre-project.site/dermify/wp-content/uploads/sites/20/2026/03/iconn3.png]
[rre-project.site/dermify/appointment/index.html]
[rre-project.site/dermify/wp-content/uploads/sites/20/2026/03/iconn4.png]
[rre-project.site/dermify/wp-content/uploads/sites/20/2026/03/iconn5.png]
[rre-project.site/dermify/wp-content/uploads/sites/20/2026/03/iconn6.png]
[rre-project.site/dermify/wp-content/uploads/sites/20/2026/03/shapes-01.png]
[rre-project.site/dermify/faqs/index.html]
[rre-project.site/dermify/wp-content/uploads/sites/20/2026/03/shapes-02.png]
[rre-project.site/dermify/wp-content/uploads/sites/20/2026/03/collage-of-happy-multiracial-people-faces-on-gray4-UBNG9AE.jpg]
[rre-project.site/dermify/wp-content/uploads/sites/20/2026/03/collage-of-happy-multiracial-people-faces-on-gray1-UBNG9AE.jpg]
[rre-project.site/dermify/wp-content/uploads/sites/20/2026/03/happy-multiracial-female-posing-at-camera-over-bei-KPG3XDZ-1024x683.jpg]
[rre-project.site/dermify/wp-content/uploads/sites/20/2026/03/womanizer-toys-8oB43mw658c-unsplash-1024x683.jpg]
[rre-project.site/dermify/wp-content/uploads/sites/20/2026/03/el-s-gUPznplBsLI-unsplash-1024x683.jpg]
[rre-project.site/dermify/gallery/index.html]
[rre-project.site/dermify/wp-content/uploads/sites/20/2026/03/logo-23-1024x238.png]
[rre-project.site/dermify/pricing/index.html]
[rre-project.site/dermify/team/index.html]
[rre-project.site/dermify/wp-content/plugins/elementskit-lite/widgets/init/assets/js/widget-scripts5219.js]
[rre-project.site/dermify/testimonials/index.html]
[rre-project.site/dermify/wp-content/plugins/metform/public/assets/lib/cute-alert/cute-alerteda1.js]
[rre-project.site/dermify/wp-content/themes/hello-elementor/assets/js/hello-frontend08cb.js]
[rre-project.site/dermify/wp-content/plugins/gum-elementor-addon/js/jquery.easing.1.35152.js]
[rre-project.site/dermify/wp-content/plugins/gum-elementor-addon/js/jquery.superslides5152.js]
[rre-project.site/dermify/wp-content/plugins/elementor/assets/js/webpack.runtime.minbfce.js]
[rre-project.site/dermify/career/index.html]
[rre-project.site/dermify/wp-content/plugins/elementor/assets/js/frontend-modules.minbfce.js]
[rre-project.site/dermify/wp-includes/js/jquery/ui/core.minb37e.js]
[rre-project.site/dermify/wp-content/plugins/elementor/assets/js/frontend.minbfce.js]
[rre-project.site/dermify/wp-content/plugins/metform/public/assets/js/htmeda1.js]
[rre-project.site/dermify/career-details/index.html]
[rre-project.site/dermify/wp-includes/js/dist/vendor/react.mine1ab.js]
[rre-project.site/dermify/wp-includes/js/dist/vendor/react-dom.mine1ab.js]
[rre-project.site/dermify/wp-includes/js/dist/escape-html.minaf01.js]
[rre-project.site/dermify/wp-includes/js/dist/element.minc5e8.js]
[rre-project.site/dermify/blog/index.html]
[rre-project.site/dermify/wp-content/plugins/metform/public/assets/js/appeda1.js]
[rre-project.site/dermify/wp-content/plugins/metform/public/assets/js/widget-forntendeda1.js]
[rre-project.site/dermify/wp-content/plugins/elementor/assets/lib/swiper/v8/swiper.min94a4.js]
[rre-project.site/dermify/wp-content/plugins/elementor/assets/lib/jquery-numerator/jquery-numerator.min3958.js]
[rre-project.site/dermify/wp-includes/js/imagesloaded.minbb93.js]
[rre-project.site/dermify/2026/03/24/flawless-skin-is-what-matters/index.html]
[rre-project.site/dermify/wp-content/plugins/elementskit-lite/widgets/init/assets/js/elementor5219.js]
[rre-project.site/dermify/index.html]
[rre-project.site/dermify/wp-content/plugins/elementor/assets/css/frontend.minbfce.css]
[rre-project.site/dermify/wp-content/uploads/sites/20/elementor/css/post-4074f34.css]
[rre-project.site/dermify/wp-content/plugins/gum-elementor-addon/css/style8717.css]
[rre-project.site/dermify/contact/index.html]
[rre-project.site/dermify/author/rre-project/index.html]
[rre-project.site/dermify/coming-soon/index.html]
[rre-project.site/dermify/404-page/index.html]
[rre-project.site/dermify/2026/03/24/perfect-skin-until-the-end-time/index.html]
[rre-project.site/dermify/wp-content/uploads/sites/20/2026/03/kseniia-lobko-Gr9eC_QNbmA-unsplash.webp]
[rre-project.site/dermify/wp-content/uploads/sites/20/2026/03/footer-overlay42.png]
[rre-project.site/dermify/wp-content/uploads/sites/20/elementor/css/post-4084f34.css]
[rre-project.site/dermify/2026/03/24/derm-clinic-that-you-can-trust/index.html]
[rre-project.site/dermify/wp-content/plugins/elementor/assets/lib/font-awesome/webfonts/fa-brands-400.eot]
[rre-project.site/dermify/wp-content/plugins/elementor/assets/lib/font-awesome/webfonts/fa-brands-400d41d.eot]
[rre-project.site/dermify/wp-content/plugins/elementor/assets/lib/font-awesome/webfonts/fa-brands-400.woff2]
[rre-project.site/dermify/wp-content/plugins/elementor/assets/lib/font-awesome/webfonts/fa-brands-400.woff]
[rre-project.site/dermify/wp-content/plugins/elementor/assets/lib/font-awesome/webfonts/fa-brands-400.ttf]
[rre-project.site/dermify/wp-content/plugins/elementor/assets/lib/font-awesome/webfonts/fa-regular-400.eot]
[rre-project.site/dermify/wp-content/plugins/elementor/assets/lib/font-awesome/webfonts/fa-regular-400d41d.eot]
[rre-project.site/dermify/wp-content/plugins/elementor/assets/lib/font-awesome/webfonts/fa-regular-400.woff2]
[rre-project.site/dermify/wp-content/plugins/elementor/assets/lib/font-awesome/webfonts/fa-regular-400.woff]
[rre-project.site/dermify/wp-content/plugins/elementor/assets/lib/font-awesome/webfonts/fa-regular-400.ttf]
[rre-project.site/dermify/wp-content/plugins/elementor/assets/lib/font-awesome/webfonts/fa-solid-900.eot]
[rre-project.site/dermify/wp-content/plugins/elementor/assets/lib/font-awesome/webfonts/fa-solid-900d41d.eot]
[rre-project.site/dermify/wp-content/plugins/elementor/assets/lib/font-awesome/webfonts/fa-solid-900.woff2]
[rre-project.site/dermify/wp-content/plugins/elementor/assets/lib/font-awesome/webfonts/fa-solid-900.woff]
[rre-project.site/dermify/wp-content/plugins/elementor/assets/lib/font-awesome/webfonts/fa-solid-900.ttf]
[rre-project.site/dermify/wp-content/plugins/elementor/assets/lib/font-awesome/css/all.minbfce.css]
[rre-project.site/dermify/wp-content/plugins/elementor/assets/lib/font-awesome/css/v4-shims.minbfce.css]
[rre-project.site/dermify/wp-content/plugins/template-kit-export/assets/public/template-kit-export-public982a.css]
[rre-project.site/dermify/wp-content/plugins/metform/public/assets/lib/cute-alert/styleeda1.css]
[rre-project.site/dermify/wp-content/plugins/metform/public/assets/css/text-editoreda1.css]
[rre-project.site/dermify/wp-content/themes/hello-elementor/assets/css/reset08cb.css]
[rre-project.site/dermify/wp-content/themes/hello-elementor/assets/css/theme08cb.css]
[rre-project.site/dermify/wp-content/themes/hello-elementor/assets/css/header-footer08cb.css]
[rre-project.site/dermify/wp-content/uploads/sites/20/elementor/css/post-244f34.css]
[rre-project.site/dermify/wp-content/plugins/gum-elementor-addon/css/owl.video.play.png]
[rre-project.site/dermify/wp-content/plugins/gum-elementor-addon/css/owl.carousel8717.css]
[rre-project.site/dermify/wp-content/plugins/elementor/assets/lib/animations/styles/fadeIn.minbfce.css]
[rre-project.site/dermify/wp-content/plugins/elementor/assets/css/widget-heading.minbfce.css]
[rre-project.site/dermify/wp-content/plugins/elementor/assets/css/widget-image.minbfce.css]
[rre-project.site/dermify/wp-content/plugins/elementor/assets/css/widget-icon-list.minbfce.css]
[rre-project.site/dermify/wp-content/plugins/metform/public/assets/css/metform-uieda1.css]
[rre-project.site/dermify/wp-content/plugins/metform/public/assets/css/styleeda1.css]
[rre-project.site/dermify/wp-content/plugins/elementor/assets/css/widget-divider.minbfce.css]
[rre-project.site/dermify/wp-content/plugins/elementor/assets/lib/swiper/v8/css/swiper.min94a4.css]
[rre-project.site/dermify/wp-content/plugins/elementor/assets/css/conditionals/e-swiper.minbfce.css]
[rre-project.site/dermify/wp-content/plugins/elementor/assets/css/widget-icon-box.minbfce.css]
[rre-project.site/dermify/wp-content/plugins/elementor/assets/css/widget-counter.minbfce.css]
[rre-project.site/dermify/wp-content/plugins/elementor/assets/css/widget-social-icons.minbfce.css]
[rre-project.site/dermify/wp-content/plugins/elementor/assets/css/conditionals/apple-webkit.minbfce.css]
[rre-project.site/dermify/wp-content/uploads/sites/20/2026/03/raul-guilherme-ANypK93WdEY-unsplash.jpg]
[rre-project.site/dermify/wp-content/uploads/sites/20/2026/03/wilhelm-gunkel-iKG7YXopoWQ-unsplash.jpg]
[rre-project.site/dermify/wp-content/uploads/sites/20/2026/03/womanizer-toys-8oB43mw658c-unsplash.jpg]
[rre-project.site/dermify/wp-content/uploads/sites/20/elementor/css/post-130cbcb.css]
[rre-project.site/dermify/wp-content/plugins/elementskit-lite/widgets/init/assets/img/arrow.png]
[rre-project.site/dermify/wp-content/plugins/elementskit-lite/widgets/init/assets/img/sort_asc.png]
[rre-project.site/dermify/wp-content/plugins/elementskit-lite/widgets/init/assets/img/sort_desc.png]
[rre-project.site/dermify/wp-content/plugins/elementskit-lite/widgets/init/assets/img/sort_asc_disabled.png]
[rre-project.site/dermify/wp-content/plugins/elementskit-lite/widgets/init/assets/css/widget-styles5219.css]
[rre-project.site/dermify/wp-content/plugins/elementskit-lite/widgets/init/assets/css/responsive5219.css]
[rre-project.site/dermify/wp-content/plugins/elementskit-lite/modules/elementskit-icon-pack/assets/fonts/elementskitf60a.woff]
[rre-project.site/dermify/wp-content/plugins/elementskit-lite/modules/elementskit-icon-pack/assets/css/ekiticons5219.css]
[rre-project.site/dermify/wp-json/oembed/1.0/embed0513.json]
[rre-project.site/dermify/wp-json/oembed/1.0/embedc6c2]
[rre-project.site/dermify/wp-json/wp/v2/pages/422.json]
[rre-project.site/dermify/about/index.html]
[rre-project.site/dermify/wp-json/oembed/1.0/embeded62.json]
[rre-project.site/dermify/wp-json/oembed/1.0/embed1dc2]
[rre-project.site/dermify/wp-json/wp/v2/pages/538.json]
[rre-project.site/dermify/services/index.html]
[rre-project.site/dermify/wp-json/oembed/1.0/embed753f.json]
[rre-project.site/dermify/wp-json/oembed/1.0/embed3aa2]
[rre-project.site/dermify/wp-json/wp/v2/pages/539.json]
[rre-project.site/dermify/wp-content/uploads/sites/20/2026/03/wilhelm-gunkel-iKG7YXopoWQ-unsplash-819x1024.jpg]
[rre-project.site/dermify/wp-content/uploads/sites/20/2026/03/raul-guilherme-ANypK93WdEY-unsplash-819x1024.jpg]
[rre-project.site/dermify/wp-content/uploads/sites/20/2026/03/cropped-view-of-dermatologist-holding-magnifying-g-A6SL72N-768x512.jpg]
[rre-project.site/dermify/wp-content/uploads/sites/20/2026/03/marking-dots-on-palm-for-filler-injection-to-treat-JGKPC3Y-768x512.jpg]
[rre-project.site/dermify/wp-content/uploads/sites/20/2026/03/migraine-therapy-skin-marking-for-headache-relief-LCT2PQ6-768x512.jpg]
[rre-project.site/dermify/wp-content/uploads/sites/20/2026/03/unrecognizable-doctor-examining-female-patient-EEVB3U4-768x512.jpg]
[rre-project.site/dermify/service-details/index.html]
[rre-project.site/dermify/wp-json/oembed/1.0/embed4efc.json]
[rre-project.site/dermify/wp-json/oembed/1.0/embed3727]
[rre-project.site/dermify/wp-json/wp/v2/pages/455.json]
[rre-project.site/dermify/appointment/index.html]
[rre-project.site/dermify/wp-json/oembed/1.0/embed3e62.json]
[rre-project.site/dermify/wp-json/oembed/1.0/embeddf6e]
[rre-project.site/dermify/wp-json/wp/v2/pages/508.json]
[rre-project.site/dermify/faqs/index.html]
[rre-project.site/dermify/wp-json/oembed/1.0/embeddad6.json]
[rre-project.site/dermify/wp-json/oembed/1.0/embeddd91]
[rre-project.site/dermify/wp-json/wp/v2/pages/513.json]
[rre-project.site/dermify/wp-content/uploads/sites/20/2026/03/cropped-view-of-dermatologist-holding-magnifying-g-A6SL72N-1024x683.jpg]
[rre-project.site/dermify/wp-content/uploads/sites/20/2026/03/marking-dots-on-palm-for-filler-injection-to-treat-JGKPC3Y-1024x683.jpg]
[rre-project.site/dermify/wp-content/uploads/sites/20/2026/03/migraine-therapy-skin-marking-for-headache-relief-LCT2PQ6-1024x683.jpg]
[rre-project.site/dermify/wp-content/uploads/sites/20/2026/03/unrecognizable-doctor-examining-female-patient-EEVB3U4-1024x683.jpg]
[rre-project.site/dermify/wp-content/uploads/sites/20/2026/03/manicurist-does-professional-light-hand-massage-af-XLE25AK-1024x683.jpg]
[rre-project.site/dermify/wp-content/uploads/sites/20/2026/03/cosmetologist-preparing-client-for-skincare-treatm-DZ3HZ5F-1024x683.jpg]
[rre-project.site/dermify/wp-content/uploads/sites/20/2026/03/look-studio-HtXyytr9304-unsplash-1024x683.jpg]
[rre-project.site/dermify/gallery/index.html]
[rre-project.site/dermify/wp-json/oembed/1.0/embed7797.json]
[rre-project.site/dermify/wp-json/oembed/1.0/embedd6f5]
[rre-project.site/dermify/wp-json/wp/v2/pages/529.json]
[rre-project.site/dermify/pricing/index.html]
[rre-project.site/dermify/wp-json/oembed/1.0/embedd6e0.json]
[rre-project.site/dermify/wp-json/oembed/1.0/embedfcc2]
[rre-project.site/dermify/wp-json/wp/v2/pages/552.json]
[rre-project.site/dermify/wp-content/uploads/sites/20/2026/03/collage-of-happy-multiracial-people-faces-on-gray3-UBNG9AE.jpg]
[rre-project.site/dermify/wp-content/uploads/sites/20/2026/03/collage-of-happy-multiracial-people-faces-on-gray5-UBNG9AE.jpg]
[rre-project.site/dermify/team/index.html]
[rre-project.site/dermify/wp-json/oembed/1.0/embed6399.json]
[rre-project.site/dermify/wp-json/oembed/1.0/embed5e72]
[rre-project.site/dermify/wp-json/wp/v2/pages/553.json]
[rre-project.site/dermify/wp-content/uploads/sites/20/2026/03/client11d.png]
[rre-project.site/dermify/testimonials/index.html]
[rre-project.site/dermify/wp-json/oembed/1.0/embedf45a.json]
[rre-project.site/dermify/wp-json/oembed/1.0/embed3322]
[rre-project.site/dermify/wp-json/wp/v2/pages/473.json]
[rre-project.site/dermify/career/index.html]
[rre-project.site/dermify/wp-json/oembed/1.0/embed273f.json]
[rre-project.site/dermify/wp-json/oembed/1.0/embede54c]
[rre-project.site/dermify/wp-json/wp/v2/pages/475.json]
[rre-project.site/dermify/career-details/index.html]
[rre-project.site/dermify/wp-json/oembed/1.0/embed1e98.json]
[rre-project.site/dermify/wp-json/oembed/1.0/embed96ae]
[rre-project.site/dermify/wp-json/wp/v2/pages/465.json]
[rre-project.site/dermify/wp-content/uploads/sites/20/2026/03/fleur-kaan-w4Dj3MshHQ0-unsplash-1024x683.jpg]
[rre-project.site/dermify/wp-content/uploads/sites/20/2026/03/taylor-heery-EI3VqTOgl3A-unsplash-1024x683.jpg]
[rre-project.site/dermify/wp-content/uploads/sites/20/2026/03/jordan-gonzalez-nLhwpODk5AM-unsplash-1024x683.jpg]
[rre-project.site/dermify/blog/index.html]
[rre-project.site/dermify/wp-json/oembed/1.0/embed3c55.json]
[rre-project.site/dermify/wp-json/oembed/1.0/embed1b18]
[rre-project.site/dermify/2026/03/24/great-skin-that-truly-impresses/index.html]
[rre-project.site/dermify/wp-json/wp/v2/posts/359.json]
[rre-project.site/dermify/wp-content/uploads/sites/20/2026/03/happy-multiracial-female-posing-at-camera-over-bei-KPG3XDZ-1536x1024.jpg]
[rre-project.site/dermify/wp-content/plugins/elementskit-lite/widgets/init/assets/js/goodshare.min5219.js]
[rre-project.site/dermify/2026/03/24/flawless-skin-is-what-matters/index.html]
[rre-project.site/dermify/2026/03/24/we-live-breathe-great-skin/index.html]
[rre-project.site/dermify/2026/03/24/the-dermatologists-that-care/index.html]
[rre-project.site/dermify/wp-json/oembed/1.0/embedacbb.json]
[rre-project.site/dermify/wp-json/oembed/1.0/embedf047]
[rre-project.site/dermify/2026/03/24/flawless-skin-is-what-matters/feed/index.html]
[rre-project.site/dermify/2026/03/24/index.html]
[rre-project.site/dermify/wp-json/wp/v2/pages/497.json]
[rre-project.site/dermify/wp-content/plugins/elementskit-lite/widgets/init/assets/js/jquery.countdown.min5219.js]
[rre-project.site/dermify/coming-soon/index.html]
[rre-project.site/dermify/category/article/index.html]
[rre-project.site/dermify/wp-json/oembed/1.0/embedc14c.json]
[rre-project.site/dermify/wp-json/oembed/1.0/embed3787]
[rre-project.site/dermify/tag/care/index.html]
[rre-project.site/dermify/wp-json/wp/v2/pages/443.json]
[rre-project.site/dermify/tag/impress/index.html]
[rre-project.site/dermify/wp-content/uploads/sites/20/2026/03/404-asset-5-1024x451.png]
[rre-project.site/dermify/404-page/index.html]
[rre-project.site/dermify/tag/skin/index.html]
[rre-project.site/dermify/wp-json/oembed/1.0/embedf413.json]
[rre-project.site/dermify/wp-json/oembed/1.0/embed553b]
[rre-project.site/dermify/wp-json/wp/v2/pages/489.json]
[rre-project.site/dermify/contact/index.html]
[rre-project.site/dermify/wp-json/wp/v2/users/1.json]
[rre-project.site/dermify/author/rre-project/index.html]
[rre-project.site/dermify/wp-json/oembed/1.0/embed157d.json]
[rre-project.site/dermify/author/rre-project/feed/index.html]
[rre-project.site/dermify/2026/03/24/perfect-skin-until-the-end-time/feed/index.html]
[rre-project.site/dermify/wp-json/oembed/1.0/embedcb55]
[rre-project.site/dermify/wp-json/wp/v2/posts/355.json]
[rre-project.site/dermify/wp-content/uploads/sites/20/2026/03/womanizer-toys-8oB43mw658c-unsplash-1536x1024.jpg]
[rre-project.site/dermify/2026/03/24/perfect-skin-until-the-end-time/index.html]
[rre-project.site/dermify/wp-json/oembed/1.0/embeda102.json]
[rre-project.site/dermify/wp-json/oembed/1.0/embed5ee5]
[rre-project.site/dermify/tag/perfect/index.html]
[rre-project.site/dermify/wp-json/wp/v2/posts/350.json]
[rre-project.site/dermify/2026/03/24/derm-clinic-that-you-can-trust/feed/index.html]
[rre-project.site/dermify/wp-content/uploads/sites/20/2026/03/el-s-gUPznplBsLI-unsplash-1536x1024.jpg]
[rre-project.site/dermify/2026/03/24/derm-clinic-that-you-can-trust/index.html]
[rre-project.site/dermify/wp-content/uploads/sites/20/elementor/css/post-159cbcb.css]
[rre-project.site/dermify/wp-content/plugins/metform/public/assets/css/flatpickr.mineda1.css]
[rre-project.site/dermify/wp-content/uploads/sites/20/elementor/css/post-378cbcb.css]
[rre-project.site/dermify/wp-content/uploads/sites/20/elementor/css/post-393cbcb.css]
[rre-project.site/dermify/wp-content/plugins/elementor/assets/lib/font-awesome/webfonts/fa-brands-400.svg]
[rre-project.site/dermify/wp-content/plugins/elementor/assets/lib/font-awesome/webfonts/fa-regular-400.svg]
[rre-project.site/dermify/wp-content/plugins/elementor/assets/lib/font-awesome/webfonts/fa-solid-900.svg]
[rre-project.site/dermify/wp-content/plugins/gum-elementor-addon/css/owl.video.play.html]
[rre-project.site/dermify/wp-content/plugins/elementskit-lite/widgets/init/assets/img/cross-out.svg]
[rre-project.site/dermify/tag/clinic/index.html]
[rre-project.site/dermify/tag/derm/index.html]
[rre-project.site/dermify/tag/trust/index.html]
[rre-project.site/dermify/wp-content/uploads/sites/20/2026/03/happy-multiracial-female-posing-at-camera-over-bei-KPG3XDZ.jpg]
[rre-project.site/dermify/wp-content/uploads/sites/20/2026/03/dominique-rivas-rWwuf8yKw4Y-unsplash.jpg]
[rre-project.site/dermify/wp-content/uploads/sites/20/elementor/css/post-4222eec.css]
[rre-project.site/dermify/index9d87.html]
[rre-project.site/dermify/wp-content/uploads/sites/20/2026/03/migraine-therapy-skin-marking-for-headache-relief-LCT2PQ6.jpg]
[rre-project.site/dermify/wp-content/uploads/sites/20/2026/03/farhad-ibrahimzade-szpFxaqS658-unsplash.jpg]
[rre-project.site/dermify/wp-content/uploads/sites/20/elementor/css/post-538e486.css]
[rre-project.site/dermify/indexfdd5.html]
[rre-project.site/dermify/wp-content/plugins/elementor/assets/css/widget-image-carousel.minbfce.css]
[rre-project.site/dermify/wp-content/uploads/sites/20/elementor/css/post-539e486.css]
[rre-project.site/dermify/indexfded.html]
[rre-project.site/dermify/wp-content/uploads/sites/20/2026/03/el-s-gUPznplBsLI-unsplash.jpg]
[rre-project.site/dermify/wp-content/uploads/sites/20/elementor/css/post-4559bae.css]
[rre-project.site/dermify/index9e38.html]
[rre-project.site/dermify/wp-content/uploads/sites/20/2026/03/jordan-gonzalez-nLhwpODk5AM-unsplash.jpg]
[rre-project.site/dermify/wp-content/uploads/sites/20/elementor/css/post-5083a0d.css]
[rre-project.site/dermify/indexa5f2.html]
[rre-project.site/dermify/wp-content/plugins/elementor/assets/lib/animations/styles/e-animation-grow.minbfce.css]
[rre-project.site/dermify/wp-content/uploads/sites/20/2026/03/cosmetologist-preparing-client-for-skincare-treatm-DZ3HZ5F.jpg]
[rre-project.site/dermify/wp-content/uploads/sites/20/elementor/css/post-5138a41.css]
[rre-project.site/dermify/index3dea.html]
[rre-project.site/dermify/wp-content/uploads/sites/20/2026/03/marking-dots-on-palm-for-filler-injection-to-treat-JGKPC3Y.jpg]
[rre-project.site/dermify/wp-content/uploads/sites/20/elementor/css/post-529698f.css]
[rre-project.site/dermify/indexb25f.html]
[rre-project.site/dermify/wp-content/uploads/sites/20/elementor/css/post-552e6d9.css]
[rre-project.site/dermify/index5195.html]
[rre-project.site/dermify/wp-content/plugins/elementor/assets/css/widget-image-box.minbfce.css]
[rre-project.site/dermify/wp-content/uploads/sites/20/2026/03/manicurist-does-professional-light-hand-massage-af-XLE25AK.jpg]
[rre-project.site/dermify/wp-content/uploads/sites/20/elementor/css/post-5530437.css]
[rre-project.site/dermify/indexa7b7.html]
[rre-project.site/dermify/wp-content/uploads/sites/20/2026/03/fleur-kaan-w4Dj3MshHQ0-unsplash.jpg]
[rre-project.site/dermify/wp-content/uploads/sites/20/2026/03/vertical-diverse-group-of-business-professionals-78WJNMQ.jpg]
[rre-project.site/dermify/wp-content/uploads/sites/20/elementor/css/post-4732b38.css]
[rre-project.site/dermify/index01a2.html]
[rre-project.site/dermify/wp-content/uploads/sites/20/elementor/css/post-4757124.css]
[rre-project.site/dermify/index8a0c.html]
[rre-project.site/dermify/wp-content/uploads/sites/20/elementor/css/post-465a93a.css]
[rre-project.site/dermify/index6b92.html]
[rre-project.site/dermify/wp-json/oembed/1.0/embed161d.json]
[rre-project.site/dermify/2026/03/24/great-skin-that-truly-impresses/feed/index.html]
[rre-project.site/dermify/wp-json/oembed/1.0/embedd38c]
[rre-project.site/dermify/wp-json/wp/v2/posts/347.json]
[rre-project.site/dermify/wp-content/uploads/sites/20/2026/03/fleur-kaan-w4Dj3MshHQ0-unsplash-1536x1024.jpg]
[rre-project.site/dermify/2026/03/24/great-skin-that-truly-impresses/index.html]
[rre-project.site/dermify/tag/great/index.html]
[rre-project.site/dermify/wp-json/oembed/1.0/embed0c25.json]
[rre-project.site/dermify/2026/03/24/we-live-breathe-great-skin/feed/index.html]
[rre-project.site/dermify/wp-json/oembed/1.0/embed1b90]
[rre-project.site/dermify/wp-json/wp/v2/posts/344.json]
[rre-project.site/dermify/2026/03/24/we-live-breathe-great-skin/index.html]
[rre-project.site/dermify/wp-content/uploads/sites/20/2026/03/taylor-heery-EI3VqTOgl3A-unsplash-1536x1024.jpg]
[rre-project.site/dermify/wp-json/oembed/1.0/embed802a.json]
[rre-project.site/dermify/wp-json/oembed/1.0/embeda7ed]
[rre-project.site/dermify/tag/breathe/index.html]
[rre-project.site/dermify/wp-json/wp/v2/posts/342.json]
[rre-project.site/dermify/wp-content/uploads/sites/20/2026/03/jordan-gonzalez-nLhwpODk5AM-unsplash-1536x1024.jpg]
[rre-project.site/dermify/2026/03/24/the-dermatologists-that-care/index.html]
[rre-project.site/dermify/wp-content/uploads/sites/20/2026/03/look-studio-HtXyytr9304-unsplash.jpg]
[rre-project.site/dermify/wp-content/uploads/sites/20/elementor/css/post-359fecb.css]
[rre-project.site/dermify/indexcaf0.html]
[rre-project.site/dermify/tag/live/index.html]
[rre-project.site/dermify/2026/03/24/index.html]
[rre-project.site/dermify/tag/patient/index.html]
[rre-project.site/dermify/2026/03/24/the-dermatologists-that-care/feed/index.html]
[rre-project.site/dermify/wp-json/wp/v2/categories/7.json]
[rre-project.site/dermify/category/article/index.html]
[rre-project.site/dermify/category/article/feed/index.html]
[rre-project.site/dermify/wp-json/wp/v2/tags/8.json]
[rre-project.site/dermify/tag/care/index.html]
[rre-project.site/dermify/tag/care/feed/index.html]
[rre-project.site/dermify/wp-json/wp/v2/tags/13.json]
[rre-project.site/dermify/tag/impress/index.html]
[rre-project.site/dermify/wp-json/wp/v2/tags/9.json]
[rre-project.site/dermify/tag/skin/index.html]
[rre-project.site/dermify/wp-content/uploads/sites/20/elementor/css/post-497004c.css]
[rre-project.site/dermify/indexdd54.html]
[rre-project.site/dermify/wp-content/uploads/sites/20/elementor/css/post-443004c.css]
[rre-project.site/dermify/indexe0b1.html]
[rre-project.site/dermify/wp-content/plugins/elementor/assets/css/widget-google_maps.minbfce.css]
[rre-project.site/dermify/tag/impress/feed/index.html]
[rre-project.site/dermify/wp-content/uploads/sites/20/2026/03/taylor-heery-EI3VqTOgl3A-unsplash.jpg]
[rre-project.site/dermify/wp-content/uploads/sites/20/elementor/css/post-489f0a7.css]
[rre-project.site/dermify/indexb645.html]
[rre-project.site/dermify/wp-content/uploads/sites/20/elementor/css/post-355fecb.css]
[rre-project.site/dermify/indexc9bf.html]
[rre-project.site/dermify/tag/skin/feed/index.html]
[rre-project.site/dermify/wp-json/wp/v2/tags/18.json]
[rre-project.site/dermify/tag/perfect/index.html]
[rre-project.site/dermify/wp-content/uploads/sites/20/elementor/css/post-350fecb.css]
[rre-project.site/dermify/index8fbb.html]
[rre-project.site/dermify/wp-json/wp/v2/tags/16.json]
[rre-project.site/dermify/tag/clinic/index.html]
[rre-project.site/dermify/tag/perfect/feed/index.html]
[rre-project.site/dermify/wp-json/wp/v2/tags/15.json]
[rre-project.site/dermify/tag/clinic/feed/index.html]
[rre-project.site/dermify/tag/derm/index.html]
[rre-project.site/dermify/tag/derm/feed/index.html]
[rre-project.site/dermify/wp-json/wp/v2/tags/17.json]
[rre-project.site/dermify/tag/trust/index.html]
[rre-project.site/dermify/wp-content/uploads/sites/20/elementor/css/post-347fecb.css]
[rre-project.site/dermify/index0974.html]
[rre-project.site/dermify/wp-json/wp/v2/tags/14.json]
[rre-project.site/dermify/tag/great/index.html]
[rre-project.site/dermify/wp-content/uploads/sites/20/elementor/css/post-344fecb.css]
[rre-project.site/dermify/index6150.html]
[rre-project.site/dermify/tag/trust/feed/index.html]
[rre-project.site/dermify/wp-json/wp/v2/tags/11.json]
[rre-project.site/dermify/tag/great/feed/index.html]
[rre-project.site/dermify/tag/breathe/index.html]
[rre-project.site/dermify/tag/breathe/feed/index.html]
[rre-project.site/dermify/wp-json/wp/v2/tags/12.json]
[rre-project.site/dermify/tag/live/index.html]
[rre-project.site/dermify/wp-content/uploads/sites/20/elementor/css/post-342fecb.css]
[rre-project.site/dermify/indexc2ef.html]
[rre-project.site/dermify/wp-json/wp/v2/tags/10.json]
[rre-project.site/dermify/tag/patient/index.html]
[rre-project.site/dermify/tag/live/feed/index.html]
[rre-project.site/dermify/tag/patient/feed/index.html]
